c:\users\duz\desktop\codeprojects\bhd\bhd_rawinput\bhd_rawinput_hook\bhd_rawi.d6008d3b\release\bhd_rawinput_hook.pch
c:\users\duz\desktop\codeprojects\bhd\bhd_rawinput\bhd_rawinput_hook\bhd_rawi.d6008d3b\release\vc143.pdb
c:\users\duz\desktop\codeprojects\bhd\bhd_rawinput\bhd_rawinput_hook\bhd_rawi.d6008d3b\release\pch.obj
c:\users\duz\desktop\codeprojects\bhd\bhd_rawinput\bhd_rawinput_hook\bhd_rawi.d6008d3b\release\dllmain.obj
c:\users\duz\desktop\codeprojects\bhd\bhd_rawinput\bhd_rawinput_hook\bhd_rawi.d6008d3b\release\trampoline.obj
c:\users\duz\desktop\codeprojects\bhd\bhd_rawinput\bhd_rawinput_hook\bhd_rawi.d6008d3b\release\hook.obj
c:\users\duz\desktop\codeprojects\bhd\bhd_rawinput\bhd_rawinput_hook\bhd_rawi.d6008d3b\release\hde32.obj
c:\users\duz\desktop\codeprojects\bhd\bhd_rawinput\bhd_rawinput_hook\bhd_rawi.d6008d3b\release\buffer.obj
c:\users\duz\desktop\codeprojects\bhd\bhd_rawinput\bhd_rawinput_hook\release\bhd_rawinput_hook.dll
c:\users\duz\desktop\codeprojects\bhd\bhd_rawinput\bhd_rawinput_hook\release\bhd_rawinput_hook.pdb
c:\users\duz\desktop\codeprojects\bhd\bhd_rawinput\bhd_rawinput_hook\bhd_rawi.d6008d3b\release\bhd_rawinput_hook.ipdb
c:\users\duz\desktop\codeprojects\bhd\bhd_rawinput\bhd_rawinput_hook\bhd_rawi.d6008d3b\release\bhd_rawinput_hook.iobj
c:\users\duz\desktop\codeprojects\bhd\bhd_rawinput\bhd_rawinput_hook\bhd_rawi.d6008d3b\release\bhd_rawi.d6008d3b.tlog\cl.command.1.tlog
c:\users\duz\desktop\codeprojects\bhd\bhd_rawinput\bhd_rawinput_hook\bhd_rawi.d6008d3b\release\bhd_rawi.d6008d3b.tlog\cl.items.tlog
c:\users\duz\desktop\codeprojects\bhd\bhd_rawinput\bhd_rawinput_hook\bhd_rawi.d6008d3b\release\bhd_rawi.d6008d3b.tlog\cl.read.1.tlog
c:\users\duz\desktop\codeprojects\bhd\bhd_rawinput\bhd_rawinput_hook\bhd_rawi.d6008d3b\release\bhd_rawi.d6008d3b.tlog\cl.write.1.tlog
c:\users\duz\desktop\codeprojects\bhd\bhd_rawinput\bhd_rawinput_hook\bhd_rawi.d6008d3b\release\bhd_rawi.d6008d3b.tlog\link.command.1.tlog
c:\users\duz\desktop\codeprojects\bhd\bhd_rawinput\bhd_rawinput_hook\bhd_rawi.d6008d3b\release\bhd_rawi.d6008d3b.tlog\link.read.1.tlog
c:\users\duz\desktop\codeprojects\bhd\bhd_rawinput\bhd_rawinput_hook\bhd_rawi.d6008d3b\release\bhd_rawi.d6008d3b.tlog\link.secondary.1.tlog
c:\users\duz\desktop\codeprojects\bhd\bhd_rawinput\bhd_rawinput_hook\bhd_rawi.d6008d3b\release\bhd_rawi.d6008d3b.tlog\link.write.1.tlog
